17:47:49 scenario.file.loc[Ljava.lang.String;@38c5cc4c
17:47:49 loading BDD file: scenarios/Venkat_FlipkartOrderFlow.bdd
17:47:49 total test found: 1
17:47:49 

Executing scenario: Venkat_DataDriven - end to end
17:47:49 Test Data{submenu=Booties, minprice=200, maxpice=400, sortby=Price -- High to Low, productnum=2, pincode=560064}
17:47:49 pkg: com.qmetry.qaf.automation.step
17:47:49 pkg: com.web_flipkart
17:47:49 Found duplicate step to load [] with [lower] prority then []
17:47:49 Invoking Teststep: Given user is on flipkart homepage
17:48:00 Completed Teststep: Given user is on flipkart homepage
17:48:00 Invoking Teststep: When user selects product ${submenu} from 'Baby & Kids' category with arguments: [${submenu}, Baby & Kids]
17:48:02 Completed Teststep: When user selects product Booties from 'Baby & Kids' category with arguments: [${submenu}, Baby & Kids]
17:48:02 Invoking Teststep: Then user should see product results
17:48:07 Completed Teststep: Then user should see product results
17:48:07 Invoking Teststep: When user sets ${minprice} and ${maxpice} price with arguments: [${minprice}, ${maxpice}]
17:48:07 Completed Teststep: When user sets 200 and 400 price with arguments: [${minprice}, ${maxpice}]
17:48:07 Invoking Teststep: And user selets price ${sortby} with arguments: [${sortby}]
17:48:10 Completed Teststep: And user selets price Price -- High to Low with arguments: [${sortby}]
17:48:10 Invoking Teststep: Then user should see only product less than max value
17:48:10 Completed Teststep: Then user should see only product less than max value
17:48:10 Invoking Teststep: When user select ${productnum} product from product results with arguments: [${productnum}]
17:48:13 Completed Teststep: When user select 2 product from product results with arguments: [${productnum}]
17:48:13 Invoking Teststep: Then user should see product details matching correctly
17:48:15 Completed Teststep: Then user should see product details matching correctly
17:48:15 Invoking Teststep: When user check for the delivery ${pincode} with arguments: [${pincode}]
17:48:15 Completed Teststep: When user check for the delivery 560064 with arguments: [${pincode}]
17:48:15 Invoking Teststep: And user selects add to cart
17:48:20 Completed Teststep: And user selects add to cart
17:48:20 Invoking Teststep: Then product has been added to the cart
17:48:21 Completed Teststep: Then product has been added to the cart
17:48:21 Competed scenario: Venkat_DataDriven with status SUCESS
17:48:21 

Executing scenario: Venkat_DataDriven - end to end
17:48:21 Test Data{submenu=School Bags, minprice=400, maxpice=600, sortby=Price -- High to Low, productnum=2, pincode=560064}
17:48:21 Invoking Teststep: Given user is on flipkart homepage
17:48:23 Completed Teststep: Given user is on flipkart homepage
17:48:23 Invoking Teststep: When user selects product ${submenu} from 'Baby & Kids' category with arguments: [${submenu}, Baby & Kids]
17:48:24 Completed Teststep: When user selects product School Bags from 'Baby & Kids' category with arguments: [${submenu}, Baby & Kids]
17:48:24 Invoking Teststep: Then user should see product results
17:48:29 Completed Teststep: Then user should see product results
17:48:29 Invoking Teststep: When user sets ${minprice} and ${maxpice} price with arguments: [${minprice}, ${maxpice}]
17:48:59 Failure Teststep: When user sets 400 and 600 price with arguments: [${minprice}, ${maxpice}]
org.openqa.selenium.TimeoutException: Timed out after 30 seconds waiting for presence of element located by: By.xpath: (//select[@class='a_eCSK'])[1]
Build info: version: '2.53.0', revision: '35ae25b1534ae328c771e0856c93e187490ca824', time: '2016-03-15 10:43:46'
System info: host: 'ICPL12225', ip: '10.11.31.179', os.name: 'Windows 10', os.arch: 'amd64', os.version: '10.0', java.version: '1.8.0_151'
Driver info: driver.version: QAFExtendedWebDriver
	at org.openqa.selenium.support.ui.FluentWait.timeoutException(FluentWait.java:292)
	at org.openqa.selenium.support.ui.FluentWait.until(FluentWait.java:261)
	at com.qmetry.qaf.automation.ui.webdriver.QAFExtendedWebDriver.load(QAFExtendedWebDriver.java:214)
	at com.qmetry.qaf.automation.ui.webdriver.QAFExtendedWebElement.load(QAFExtendedWebElement.java:284)
	at com.qmetry.qaf.automation.ui.webdriver.QAFExtendedWebElement.execute(QAFExtendedWebElement.java:239)
	at org.openqa.selenium.remote.RemoteWebElement.getTagName(RemoteWebElement.java:144)
	at org.openqa.selenium.support.ui.Select.<init>(Select.java:44)
	at com.web_flipkart.pages.BootiesresultsTestPage.setPriceMinRange(BootiesresultsTestPage.java:53)
	at com.web_flipkart.StepsBackLog.userSetsAndPrice(StepsBackLog.java:54)
	at sun.reflect.NativeMethodAccessorImpl.invoke0(Native Method)
	at sun.reflect.NativeMethodAccessorImpl.invoke(NativeMethodAccessorImpl.java:62)
	at sun.reflect.DelegatingMethodAccessorImpl.invoke(DelegatingMethodAccessorImpl.java:43)
	at java.lang.reflect.Method.invoke(Method.java:498)
	at com.qmetry.qaf.automation.step.JavaStep.doExecute(JavaStep.java:160)
	at com.qmetry.qaf.automation.step.BaseTestStep.execute(BaseTestStep.java:149)
	at com.qmetry.qaf.automation.step.StringTestStep.execute(StringTestStep.java:134)
	at com.qmetry.qaf.automation.step.client.Scenario.execute(Scenario.java:167)
	at com.qmetry.qaf.automation.step.client.DataDrivenScenario.scenario(DataDrivenScenario.java:95)
	at sun.reflect.NativeMethodAccessorImpl.invoke0(Native Method)
	at sun.reflect.NativeMethodAccessorImpl.invoke(NativeMethodAccessorImpl.java:62)
	at sun.reflect.DelegatingMethodAccessorImpl.invoke(DelegatingMethodAccessorImpl.java:43)
	at java.lang.reflect.Method.invoke(Method.java:498)
	at org.testng.internal.MethodInvocationHelper.invokeMethod(MethodInvocationHelper.java:104)
	at org.testng.internal.Invoker.invokeMethod(Invoker.java:645)
	at org.testng.internal.Invoker.invokeTestMethod(Invoker.java:851)
	at org.testng.internal.Invoker.invokeTestMethods(Invoker.java:1177)
	at org.testng.internal.TestMethodWorker.invokeTestMethods(TestMethodWorker.java:129)
	at org.testng.internal.TestMethodWorker.run(TestMethodWorker.java:112)
	at org.testng.TestRunner.privateRun(TestRunner.java:781)
	at org.testng.TestRunner.run(TestRunner.java:635)
	at org.testng.SuiteRunner.runTest(SuiteRunner.java:387)
	at org.testng.SuiteRunner.runSequentially(SuiteRunner.java:382)
	at org.testng.SuiteRunner.privateRun(SuiteRunner.java:340)
	at org.testng.SuiteRunner.run(SuiteRunner.java:289)
	at org.testng.SuiteRunnerWorker.runSuite(SuiteRunnerWorker.java:52)
	at org.testng.SuiteRunnerWorker.run(SuiteRunnerWorker.java:86)
	at org.testng.TestNG.runSuitesSequentially(TestNG.java:1293)
	at org.testng.TestNG.runSuitesLocally(TestNG.java:1218)
	at org.testng.TestNG.runSuites(TestNG.java:1133)
	at org.testng.TestNG.run(TestNG.java:1104)
	at org.testng.remote.AbstractRemoteTestNG.run(AbstractRemoteTestNG.java:114)
	at org.testng.remote.RemoteTestNG.initAndRun(RemoteTestNG.java:251)
	at org.testng.remote.RemoteTestNG.main(RemoteTestNG.java:77)
Caused by: org.openqa.selenium.NoSuchElementException: no such element: Unable to locate element: {"method":"xpath","selector":"(//select[@class='a_eCSK'])[1]"}
  (Session info: chrome=63.0.3239.132)
  (Driver info: chromedriver=2.34.522940 (1a76f96f66e3ca7b8e57d503b4dd3bccfba87af1),platform=Windows NT 10.0.10586 x86_64) (WARNING: The server did not provide any stacktrace information)
Command duration or timeout: 12 milliseconds
For documentation on this error, please visit: http://seleniumhq.org/exceptions/no_such_element.html
Build info: version: '2.53.0', revision: '35ae25b1534ae328c771e0856c93e187490ca824', time: '2016-03-15 10:43:46'
System info: host: 'ICPL12225', ip: '10.11.31.179', os.name: 'Windows 10', os.arch: 'amd64', os.version: '10.0', java.version: '1.8.0_151'
Driver info: com.qmetry.qaf.automation.ui.webdriver.QAFExtendedWebDriver
Capabilities [{applicationCacheEnabled=false, rotatable=false, mobileEmulationEnabled=false, networkConnectionEnabled=false, chrome={chromedriverVersion=2.34.522940 (1a76f96f66e3ca7b8e57d503b4dd3bccfba87af1), userDataDir=C:\Users\VENKAT~1.RED\AppData\Local\Temp\scoped_dir11064_15993}, takesHeapSnapshot=true, pageLoadStrategy=normal, databaseEnabled=false, handlesAlerts=true, hasTouchScreen=false, version=63.0.3239.132, platform=XP, browserConnectionEnabled=false, nativeEvents=true, acceptSslCerts=true, locationContextEnabled=true, webStorageEnabled=true, browserName=chrome, takesScreenshot=true, javascriptEnabled=true, cssSelectorsEnabled=true, setWindowRect=true, unexpectedAlertBehaviour=}]
Session ID: c0ad4a1042296372d7533dc8936ab123
*** Element info: {Using=xpath, value=(//select[@class='a_eCSK'])[1]}
	at sun.reflect.GeneratedConstructorAccessor18.newInstance(Unknown Source)
	at sun.reflect.DelegatingConstructorAccessorImpl.newInstance(DelegatingConstructorAccessorImpl.java:45)
	at java.lang.reflect.Constructor.newInstance(Constructor.java:423)
	at org.openqa.selenium.remote.ErrorHandler.createThrowable(ErrorHandler.java:206)
	at org.openqa.selenium.remote.ErrorHandler.throwIfResponseFailed(ErrorHandler.java:158)
	at org.openqa.selenium.remote.RemoteWebDriver.execute(RemoteWebDriver.java:678)
	at com.qmetry.qaf.automation.ui.webdriver.QAFExtendedWebDriver.execute(QAFExtendedWebDriver.java:234)
	at org.openqa.selenium.remote.RemoteWebDriver.findElement(RemoteWebDriver.java:363)
	at org.openqa.selenium.remote.RemoteWebDriver.findElementByXPath(RemoteWebDriver.java:500)
	at com.qmetry.qaf.automation.ui.webdriver.QAFExtendedWebDriver.findElementByXPath(QAFExtendedWebDriver.java:398)
	at com.qmetry.qaf.automation.ui.webdriver.QAFExtendedWebDriver.findElementByXPath(QAFExtendedWebDriver.java:1)
	at org.openqa.selenium.By$ByXPath.findElement(By.java:361)
	at org.openqa.selenium.remote.RemoteWebDriver.findElement(RemoteWebDriver.java:355)
	at com.qmetry.qaf.automation.ui.webdriver.QAFExtendedWebDriver.findElement(QAFExtendedWebDriver.java:169)
	at com.qmetry.qaf.automation.ui.webdriver.QAFExtendedWebDriver.findElement(QAFExtendedWebDriver.java:1)
	at org.openqa.selenium.support.ui.ExpectedConditions.findElement(ExpectedConditions.java:899)
	at org.openqa.selenium.support.ui.ExpectedConditions.access$000(ExpectedConditions.java:41)
	at org.openqa.selenium.support.ui.ExpectedConditions$6.apply(ExpectedConditions.java:181)
	at org.openqa.selenium.support.ui.ExpectedConditions$6.apply(ExpectedConditions.java:178)
	at org.openqa.selenium.support.ui.FluentWait.until(FluentWait.java:238)
	... 41 more
17:48:59 Completed Teststep: When user sets 400 and 600 price with arguments: [${minprice}, ${maxpice}]
17:48:59 Competed scenario: Venkat_DataDriven with status FAILURE
