<html>
<head>
<title>TestNG:  BDD Test</title>
<link href="../testng.css" rel="stylesheet" type="text/css" />
<link href="../my-testng.css" rel="stylesheet" type="text/css" />

<style type="text/css">
.log { display: none;} 
.stack-trace { display: none;} 
</style>
<script type="text/javascript">
<!--
function flip(e) {
  current = e.style.display;
  if (current == 'block') {
    e.style.display = 'none';
    return 0;
  }
  else {
    e.style.display = 'block';
    return 1;
  }
}

function toggleBox(szDivId, elem, msg1, msg2)
{
  var res = -1;  if (document.getElementById) {
    res = flip(document.getElementById(szDivId));
  }
  else if (document.all) {
    // this is the way old msie versions work
    res = flip(document.all[szDivId]);
  }
  if(elem) {
    if(res == 0) elem.innerHTML = msg1; else elem.innerHTML = msg2;
  }

}

function toggleAllBoxes() {
  if (document.getElementsByTagName) {
    d = document.getElementsByTagName('div');
    for (i = 0; i < d.length; i++) {
      if (d[i].className == 'log') {
        flip(d[i]);
      }
    }
  }
}

// -->
</script>

</head>
<body>
<h2 align='center'>BDD Test</h2><table border='1' align="center">
<tr>
<td>Tests passed/Failed/Skipped:</td><td>1/1/0</td>
</tr><tr>
<td>Started on:</td><td>Tue Jan 16 17:50:32 IST 2018</td>
</tr>
<tr><td>Total time:</td><td>55 seconds (55766 ms)</td>
</tr><tr>
<td>Included groups:</td><td></td>
</tr><tr>
<td>Excluded groups:</td><td></td>
</tr>
</table><p/>
<small><i>(Hover the method name to see the test class name)</i></small><p/>
<table width='100%' border='1' class='invocation-failed'>
<tr><td colspan='4' align='center'><b>FAILED TESTS</b></td></tr>
<tr><td><b>Test method</b></td>
<td width="30%"><b>Exception</b></td>
<td width="10%"><b>Time (seconds)</b></td>
<td><b>Instance</b></td>
</tr>
<tr>
<td title='com.qmetry.qaf.automation.step.client.DataDrivenScenario.Venkat_DataDriven()'><b>Venkat_DataDriven</b><br>Test class: com.qmetry.qaf.automation.step.client.DataDrivenScenario (Venkat_DataDriven)<br>Test method: end to end<br>Parameters: {submenu=Sport Shoes, minprice=400, maxpice=600, sortby=Price -- High to Low, productnum=2, pincode=560064}<br/>
<a href="#Output-494953170" onClick='toggleBox("Output-494953170", this, "Show output", "Hide output");'>Show output</a>

<a href="#Output-494953170" onClick="toggleAllBoxes();">Show all outputs</a>
<div class='log' id="Output-494953170">
<div style="display:block;margin-left:10px;"><div  class="teststeppass"><span class="teststeppass-label">T </span>Given user is on flipkart homepage</div><div style="display:block;margin-left:10px;"><div  class="pass"><span class="pass-label">P </span>FlipKartHomePage verification
Expected: a string containing "Online Shopping Site for Mobiles, Fashion, Books, Electronics, Home Appliances and More"
     Actual: was "Online Shopping Site for Mobiles, Fashion, Books, Electronics, Home Appliances and More" <a href="test-results/16_Jan_2018_05_50_PM/img/Venkat_DataDriven_1b4wkm7lcgmv944359.png" target="_blank">[View Screenshot]</a> </div></div><div  class="teststeppass"><span class="teststeppass-label">T </span>When user selects product Sport Shoes from 'Baby & Kids' category</div><div  class="teststeppass"><span class="teststeppass-label">T </span>Then user should see product results</div><div style="display:block;margin-left:10px;"><div  class="pass"><span class="pass-label">P </span>
Expected: a value greater than &lt;0&gt;
     Actual: &lt;40&gt; was greater than &lt;0&gt; <a href="test-results/16_Jan_2018_05_50_PM/img/Venkat_DataDriven_1qumo6f9wvinz44360.png" target="_blank">[View Screenshot]</a> </div></div><div  class="teststepfail"><span class="teststepfail-label">T </span>When user sets 400 and 600 price <a href="test-results/16_Jan_2018_05_50_PM/img/Venkat_DataDriven_12l3fjslsyl8744361.png" target="_blank">[View Screenshot]</a> </div><div style="display:block;margin-left:10px;"><div  class="fail"><span class="fail-label">F </span>Cannot locate option with value: 600
For documentation on this error, please visit: http://seleniumhq.org/exceptions/no_such_element.html
Build info: version: '2.53.0', revision: '35ae25b1534ae328c771e0856c93e187490ca824', time: '2016-03-15 10:43:46'
System info: host: 'ICPL12225', ip: '10.11.31.179', os.name: 'Windows 10', os.arch: 'amd64', os.version: '10.0', java.version: '1.8.0_151'
Driver info: driver.version: unknown</div></div><div  class="teststep"><span class="teststep-label">T </span>And user selets price ${sortby}</div><div  class="teststep"><span class="teststep-label">T </span>Then user should see only product less than max value</div><div  class="teststep"><span class="teststep-label">T </span>When user select ${productnum} product from product results</div><div  class="teststep"><span class="teststep-label">T </span>Then user should see product details matching correctly</div><div  class="teststep"><span class="teststep-label">T </span>When user check for the delivery ${pincode}</div><div  class="teststep"><span class="teststep-label">T </span>And user selects add to cart</div><div  class="teststep"><span class="teststep-label">T </span>Then product has been added to the cart</div></div><br/>
</div>
</td>
<td><div><pre>org.openqa.selenium.NoSuchElementException: Cannot locate option with value: 600
For documentation on this error, please visit: http://seleniumhq.org/exceptions/no_such_element.html
Build info: version: &apos;2.53.0&apos;, revision: &apos;35ae25b1534ae328c771e0856c93e187490ca824&apos;, time: &apos;2016-03-15 10:43:46&apos;
System info: host: &apos;ICPL12225&apos;, ip: &apos;10.11.31.179&apos;, os.name: &apos;Windows 10&apos;, os.arch: &apos;amd64&apos;, os.version: &apos;10.0&apos;, java.version: &apos;1.8.0_151&apos;
Driver info: driver.version: unknown
	at .When user sets ${minprice} and ${maxpice} price(scenarios/Venkat_FlipkartOrderFlow.bdd:8)
	at org.openqa.selenium.support.ui.Select.selectByValue(Select.java:208)
	at com.web_flipkart.pages.BootiesresultsTestPage.setPriceMaxRange(BootiesresultsTestPage.java:61)
	at com.web_flipkart.StepsBackLog.userSetsAndPrice(StepsBackLog.java:55)
	at com.qmetry.qaf.automation.step.JavaStep.doExecute(JavaStep.java:160)
	at com.qmetry.qaf.automation.step.BaseTestStep.execute(BaseTestStep.java:149)
	at com.qmetry.qaf.automation.step.StringTestStep.execute(StringTestStep.java:134)
	at com.qmetry.qaf.automation.step.client.Scenario.execute(Scenario.java:167)
	at com.qmetry.qaf.automation.step.client.DataDrivenScenario.scenario(DataDrivenScenario.java:95)
</pre></div><a href='#' onClick='toggleBox("stack-trace494953170", this, "Click to show all stack frames", "Click to hide stack frames")'>Click to show all stack frames</a>
<div class='stack-trace' id='stack-trace494953170'><pre>org.openqa.selenium.NoSuchElementException: Cannot locate option with value: 600
For documentation on this error, please visit: http://seleniumhq.org/exceptions/no_such_element.html
Build info: version: &apos;2.53.0&apos;, revision: &apos;35ae25b1534ae328c771e0856c93e187490ca824&apos;, time: &apos;2016-03-15 10:43:46&apos;
System info: host: &apos;ICPL12225&apos;, ip: &apos;10.11.31.179&apos;, os.name: &apos;Windows 10&apos;, os.arch: &apos;amd64&apos;, os.version: &apos;10.0&apos;, java.version: &apos;1.8.0_151&apos;
Driver info: driver.version: unknown
	at .When user sets ${minprice} and ${maxpice} price(scenarios/Venkat_FlipkartOrderFlow.bdd:8)
	at org.openqa.selenium.support.ui.Select.selectByValue(Select.java:208)
	at com.web_flipkart.pages.BootiesresultsTestPage.setPriceMaxRange(BootiesresultsTestPage.java:61)
	at com.web_flipkart.StepsBackLog.userSetsAndPrice(StepsBackLog.java:55)
	at com.qmetry.qaf.automation.step.JavaStep.doExecute(JavaStep.java:160)
	at com.qmetry.qaf.automation.step.BaseTestStep.execute(BaseTestStep.java:149)
	at com.qmetry.qaf.automation.step.StringTestStep.execute(StringTestStep.java:134)
	at com.qmetry.qaf.automation.step.client.Scenario.execute(Scenario.java:167)
	at com.qmetry.qaf.automation.step.client.DataDrivenScenario.scenario(DataDrivenScenario.java:95)
</pre></div></td>
<td>8</td>
<td>com.qmetry.qaf.automation.step.client.DataDrivenScenario@3e8</td></tr>
</table><p>
<table width='100%' border='1' class='invocation-passed'>
<tr><td colspan='4' align='center'><b>PASSED TESTS</b></td></tr>
<tr><td><b>Test method</b></td>
<td width="30%"><b>Exception</b></td>
<td width="10%"><b>Time (seconds)</b></td>
<td><b>Instance</b></td>
</tr>
<tr>
<td title='com.qmetry.qaf.automation.step.client.DataDrivenScenario.Venkat_DataDriven()'><b>Venkat_DataDriven</b><br>Test class: com.qmetry.qaf.automation.step.client.DataDrivenScenario (Venkat_DataDriven)<br>Test method: end to end<br>Parameters: {submenu=Booties, minprice=200, maxpice=400, sortby=Price -- High to Low, productnum=2, pincode=560064}<br/>
<a href="#Output-1765900922" onClick='toggleBox("Output-1765900922", this, "Show output", "Hide output");'>Show output</a>

<a href="#Output-1765900922" onClick="toggleAllBoxes();">Show all outputs</a>
<div class='log' id="Output-1765900922">
<div style="display:block;margin-left:10px;"><div  class="teststeppass"><span class="teststeppass-label">T </span>Given user is on flipkart homepage</div><div style="display:block;margin-left:10px;"><div  class="pass"><span class="pass-label">P </span>FlipKartHomePage verification
Expected: a string containing "Online Shopping Site for Mobiles, Fashion, Books, Electronics, Home Appliances and More"
     Actual: was "Online Shopping Site for Mobiles, Fashion, Books, Electronics, Home Appliances and More" <a href="test-results/16_Jan_2018_05_50_PM/img/Venkat_DataDriven_y3dvqq9dmcyd44355.png" target="_blank">[View Screenshot]</a> </div></div><div  class="teststeppass"><span class="teststeppass-label">T </span>When user selects product Booties from 'Baby & Kids' category</div><div  class="teststeppass"><span class="teststeppass-label">T </span>Then user should see product results</div><div style="display:block;margin-left:10px;"><div  class="pass"><span class="pass-label">P </span>
Expected: a value greater than &lt;0&gt;
     Actual: &lt;40&gt; was greater than &lt;0&gt; <a href="test-results/16_Jan_2018_05_50_PM/img/Venkat_DataDriven_ylcxvotk98oz44356.png" target="_blank">[View Screenshot]</a> </div></div><div  class="teststeppass"><span class="teststeppass-label">T </span>When user sets 200 and 400 price</div><div  class="teststeppass"><span class="teststeppass-label">T </span>And user selets price Price -- High to Low</div><div  class="teststeppass"><span class="teststeppass-label">T </span>Then user should see only product less than max value</div><div  class="teststeppass"><span class="teststeppass-label">T </span>When user select 2 product from product results</div><div  class="teststeppass"><span class="teststeppass-label">T </span>Then user should see product details matching correctly</div><div style="display:block;margin-left:10px;"><div  class="pass"><span class="pass-label">P </span>
Expected: a string containing "Love Crochet Art Booties"
     Actual: was "Love Crochet Art Booties  (Toe to Heel Length - 9 cm Pink)" <a href="test-results/16_Jan_2018_05_50_PM/img/Venkat_DataDriven_i4gezj6rq8uj44357.png" target="_blank">[View Screenshot]</a> </div><div  class="pass"><span class="pass-label">P </span>
Expected: a string containing "₹239"
     Actual: was "₹239" <a href="test-results/16_Jan_2018_05_50_PM/img/Venkat_DataDriven_13rwt3416dboh44358.png" target="_blank">[View Screenshot]</a> </div></div><div  class="teststeppass"><span class="teststeppass-label">T </span>When user check for the delivery 560064</div><div  class="teststeppass"><span class="teststeppass-label">T </span>And user selects add to cart</div><div  class="teststeppass"><span class="teststeppass-label">T </span>Then product has been added to the cart</div></div><br/>
</div>
</td>
<td></td>
<td>46</td>
<td>com.qmetry.qaf.automation.step.client.DataDrivenScenario@3e8</td></tr>
</table><p>
</body>
</html>