<?xml version="1.0" encoding="UTF-8"?>
<!-- Generated by org.testng.reporters.JUnitReportReporter -->
<testsuite name="com.qmetry.qaf.automation.step.client.Scenario" tests="1" time="25.409" ignored="5" failures="0" timestamp="16 Jan 2018 12:08:34 GMT" skipped="0" hostname="ICPL12225" errors="1">
  <testcase name="Venkata_FlipkartOrderFllow" time="25.409" classname="com.qmetry.qaf.automation.step.client.Scenario">
    <error type="org.openqa.selenium.WebDriverException" message="unknown error: Element &lt;a class=&quot;_2cLu-l&quot; title=&quot;...&quot; target=&quot;_blank&quot; rel=&quot;noopener noreferrer&quot; href=&quot;/eio-booties/p/itmefunjtwhgrczs?pid=BOOEFUNJUDZUWHN9&amp;amp;srno=b_1_1&amp;amp;otracker=nmenu_sub_Baby%20and%20Kids_0_Booties&amp;amp;lid=LSTBOOEFUNJUDZUWHN9R6NCOE&amp;amp;fm=organic&amp;amp;iid=6044cd77-a9b3-419b-8b93-328b11e77743.BOOEFUNJUDZUWHN9.SEARCH&amp;amp;ppt=Store Browse&amp;amp;ppn=Search Page&amp;amp;ssid=mi5qanr1rk0000001516104480544&quot;&gt;EIO Booties&lt;/a&gt; is not clickable at point (394, 516). Other element would receive the click: &lt;div class=&quot;_2MN7dN&quot;&gt;&lt;/div&gt;
  (Session info: chrome=63.0.3239.132)
  (Driver info: chromedriver=2.34.522940 (1a76f96f66e3ca7b8e57d503b4dd3bccfba87af1),platform=Windows NT 10.0.10586 x86_64) (WARNING: The server did not provide any stacktrace information)
Command duration or timeout: 38 milliseconds
Build info: version: &#039;2.53.0&#039;, revision: &#039;35ae25b1534ae328c771e0856c93e187490ca824&#039;, time: &#039;2016-03-15 10:43:46&#039;
System info: host: &#039;ICPL12225&#039;, ip: &#039;10.11.31.179&#039;, os.name: &#039;Windows 10&#039;, os.arch: &#039;amd64&#039;, os.version: &#039;10.0&#039;, java.version: &#039;1.8.0_151&#039;
Driver info: com.qmetry.qaf.automation.ui.webdriver.QAFExtendedWebDriver
Capabilities [{applicationCacheEnabled=false, rotatable=false, mobileEmulationEnabled=false, networkConnectionEnabled=false, chrome={chromedriverVersion=2.34.522940 (1a76f96f66e3ca7b8e57d503b4dd3bccfba87af1), userDataDir=C:\Users\VENKAT~1.RED\AppData\Local\Temp\scoped_dir11052_30128}, takesHeapSnapshot=true, pageLoadStrategy=normal, databaseEnabled=false, handlesAlerts=true, hasTouchScreen=false, version=63.0.3239.132, platform=XP, browserConnectionEnabled=false, nativeEvents=true, acceptSslCerts=true, locationContextEnabled=true, webStorageEnabled=true, browserName=chrome, takesScreenshot=true, javascriptEnabled=true, cssSelectorsEnabled=true, setWindowRect=true, unexpectedAlertBehaviour=}]
Session ID: 55a9335c0ddfd3dbb19984ff25bc9593">
      <![CDATA[org.openqa.selenium.WebDriverException: unknown error: Element <a class="_2cLu-l" title="..." target="_blank" rel="noopener noreferrer" href="/eio-booties/p/itmefunjtwhgrczs?pid=BOOEFUNJUDZUWHN9&amp;srno=b_1_1&amp;otracker=nmenu_sub_Baby%20and%20Kids_0_Booties&amp;lid=LSTBOOEFUNJUDZUWHN9R6NCOE&amp;fm=organic&amp;iid=6044cd77-a9b3-419b-8b93-328b11e77743.BOOEFUNJUDZUWHN9.SEARCH&amp;ppt=Store Browse&amp;ppn=Search Page&amp;ssid=mi5qanr1rk0000001516104480544">EIO Booties</a> is not clickable at point (394, 516). Other element would receive the click: <div class="_2MN7dN"></div>
  (Session info: chrome=63.0.3239.132)
  (Driver info: chromedriver=2.34.522940 (1a76f96f66e3ca7b8e57d503b4dd3bccfba87af1),platform=Windows NT 10.0.10586 x86_64) (WARNING: The server did not provide any stacktrace information)
Command duration or timeout: 38 milliseconds
Build info: version: '2.53.0', revision: '35ae25b1534ae328c771e0856c93e187490ca824', time: '2016-03-15 10:43:46'
System info: host: 'ICPL12225', ip: '10.11.31.179', os.name: 'Windows 10', os.arch: 'amd64', os.version: '10.0', java.version: '1.8.0_151'
Driver info: com.qmetry.qaf.automation.ui.webdriver.QAFExtendedWebDriver
Capabilities [{applicationCacheEnabled=false, rotatable=false, mobileEmulationEnabled=false, networkConnectionEnabled=false, chrome={chromedriverVersion=2.34.522940 (1a76f96f66e3ca7b8e57d503b4dd3bccfba87af1), userDataDir=C:\Users\VENKAT~1.RED\AppData\Local\Temp\scoped_dir11052_30128}, takesHeapSnapshot=true, pageLoadStrategy=normal, databaseEnabled=false, handlesAlerts=true, hasTouchScreen=false, version=63.0.3239.132, platform=XP, browserConnectionEnabled=false, nativeEvents=true, acceptSslCerts=true, locationContextEnabled=true, webStorageEnabled=true, browserName=chrome, takesScreenshot=true, javascriptEnabled=true, cssSelectorsEnabled=true, setWindowRect=true, unexpectedAlertBehaviour=}]
Session ID: 55a9335c0ddfd3dbb19984ff25bc9593
	at .When user select '0' product from product results(scenarios/Venkat_FlipkartOrderFlow.bdd:12)
	at org.openqa.selenium.remote.ErrorHandler.createThrowable(ErrorHandler.java:206)
	at org.openqa.selenium.remote.ErrorHandler.throwIfResponseFailed(ErrorHandler.java:158)
	at org.openqa.selenium.remote.RemoteWebDriver.execute(RemoteWebDriver.java:678)
	at com.qmetry.qaf.automation.ui.webdriver.QAFExtendedWebDriver.executeWitoutLog(QAFExtendedWebDriver.java:256)
	at com.qmetry.qaf.automation.ui.webdriver.QAFExtendedWebElement.execute(QAFExtendedWebElement.java:252)
	at org.openqa.selenium.remote.RemoteWebElement.click(RemoteWebElement.java:85)
	at com.web_flipkart.pages.BootiesresultsTestPage.selectProductName(BootiesresultsTestPage.java:91)
	at com.web_flipkart.StepsBackLog.userSelectProductFromProductResults(StepsBackLog.java:79)
	at com.qmetry.qaf.automation.step.JavaStep.doExecute(JavaStep.java:160)
	at com.qmetry.qaf.automation.step.BaseTestStep.execute(BaseTestStep.java:149)
	at com.qmetry.qaf.automation.step.StringTestStep.execute(StringTestStep.java:134)
	at com.qmetry.qaf.automation.step.client.Scenario.execute(Scenario.java:167)
	at com.qmetry.qaf.automation.step.client.Scenario.scenario(Scenario.java:219)
]]>
    </error>
  </testcase> <!-- Venkata_FlipkartOrderFllow -->
  <testcase name="Venkat_DataDriven" classname="com.qmetry.qaf.automation.step.client.DataDrivenScenario">
    <skipped/>
  </testcase> <!-- Venkat_DataDriven -->
  <testcase name="afterSuit" classname="com.qmetry.qaf.automation.ui.AbstractTestCase">
    <skipped/>
  </testcase> <!-- afterSuit -->
  <testcase name="setupSuit" classname="com.qmetry.qaf.automation.ui.AbstractTestCase">
    <skipped/>
  </testcase> <!-- setupSuit -->
  <testcase name="setupTest" classname="com.qmetry.qaf.automation.ui.AbstractTestCase">
    <skipped/>
  </testcase> <!-- setupTest -->
  <testcase name="afterTest" classname="com.qmetry.qaf.automation.ui.AbstractTestCase">
    <skipped/>
  </testcase> <!-- afterTest -->
</testsuite> <!-- com.qmetry.qaf.automation.step.client.Scenario -->
