<?xml version="1.0" encoding="UTF-8"?>
<!-- Generated by org.testng.reporters.JUnitReportReporter -->
<testsuite name="com.qmetry.qaf.automation.step.client.DataDrivenScenario" tests="2" time="55.291" ignored="1" failures="0" timestamp="16 Jan 2018 12:21:28 GMT" skipped="0" hostname="ICPL12225" errors="1">
  <testcase name="Venkat_DataDriven" time="8.917" classname="com.qmetry.qaf.automation.step.client.DataDrivenScenario">
    <error type="org.openqa.selenium.NoSuchElementException" message="Cannot locate option with value: 600
For documentation on this error, please visit: http://seleniumhq.org/exceptions/no_such_element.html
Build info: version: &#039;2.53.0&#039;, revision: &#039;35ae25b1534ae328c771e0856c93e187490ca824&#039;, time: &#039;2016-03-15 10:43:46&#039;
System info: host: &#039;ICPL12225&#039;, ip: &#039;10.11.31.179&#039;, os.name: &#039;Windows 10&#039;, os.arch: &#039;amd64&#039;, os.version: &#039;10.0&#039;, java.version: &#039;1.8.0_151&#039;
Driver info: driver.version: unknown">
      <![CDATA[org.openqa.selenium.NoSuchElementException: Cannot locate option with value: 600
For documentation on this error, please visit: http://seleniumhq.org/exceptions/no_such_element.html
Build info: version: '2.53.0', revision: '35ae25b1534ae328c771e0856c93e187490ca824', time: '2016-03-15 10:43:46'
System info: host: 'ICPL12225', ip: '10.11.31.179', os.name: 'Windows 10', os.arch: 'amd64', os.version: '10.0', java.version: '1.8.0_151'
Driver info: driver.version: unknown
	at .When user sets ${minprice} and ${maxpice} price(scenarios/Venkat_FlipkartOrderFlow.bdd:8)
	at org.openqa.selenium.support.ui.Select.selectByValue(Select.java:208)
	at com.web_flipkart.pages.BootiesresultsTestPage.setPriceMaxRange(BootiesresultsTestPage.java:61)
	at com.web_flipkart.StepsBackLog.userSetsAndPrice(StepsBackLog.java:55)
	at com.qmetry.qaf.automation.step.JavaStep.doExecute(JavaStep.java:160)
	at com.qmetry.qaf.automation.step.BaseTestStep.execute(BaseTestStep.java:149)
	at com.qmetry.qaf.automation.step.StringTestStep.execute(StringTestStep.java:134)
	at com.qmetry.qaf.automation.step.client.Scenario.execute(Scenario.java:167)
	at com.qmetry.qaf.automation.step.client.DataDrivenScenario.scenario(DataDrivenScenario.java:95)
]]>
    </error>
  </testcase> <!-- Venkat_DataDriven -->
  <testcase name="Venkat_DataDriven" time="46.374" classname="com.qmetry.qaf.automation.step.client.DataDrivenScenario"/>
  <testcase name="Venkat_DataDriven" classname="com.qmetry.qaf.automation.step.client.DataDrivenScenario">
    <skipped/>
  </testcase> <!-- Venkat_DataDriven -->
</testsuite> <!-- com.qmetry.qaf.automation.step.client.DataDrivenScenario -->
