17:44:41 scenario.file.loc[Ljava.lang.String;@38c5cc4c
17:44:41 loading BDD file: scenarios/Venkat_FlipkartOrderFlow.bdd
17:44:41 total test found: 1
17:44:41 

Executing scenario: Venkat_DataDriven - end to end
17:44:41 Test Data{submenu=Booties, minprice=200, maxpice=400, sortby=Price -- High to Low, productnum=2, pincode=560064}
17:44:41 pkg: com.qmetry.qaf.automation.step
17:44:41 pkg: com.web_flipkart
17:44:42 Found duplicate step to load [] with [lower] prority then []
17:44:42 Invoking Teststep: Given user is on flipkart homepage
17:44:49 Completed Teststep: Given user is on flipkart homepage
17:44:49 Invoking Teststep: When user selects product ${submenu} from 'Baby & Kids' category with arguments: [${submenu}, Baby & Kids]
17:44:51 Completed Teststep: When user selects product Booties from 'Baby & Kids' category with arguments: [${submenu}, Baby & Kids]
17:44:51 Invoking Teststep: Then user should see product results
17:44:56 Completed Teststep: Then user should see product results
17:44:56 Invoking Teststep: When user sets ${minprice} and ${maxpice} price with arguments: [${minprice}, ${maxpice}]
17:44:56 Completed Teststep: When user sets 200 and 400 price with arguments: [${minprice}, ${maxpice}]
17:44:56 Invoking Teststep: And user selets price ${sortby} with arguments: [${sortby}]
17:44:59 Completed Teststep: And user selets price Price -- High to Low with arguments: [${sortby}]
17:44:59 Invoking Teststep: Then user should see only product less than max value
17:44:59 Completed Teststep: Then user should see only product less than max value
17:44:59 Invoking Teststep: When user select ${productnum} product from product results with arguments: [${productnum}]
17:45:02 Completed Teststep: When user select 2 product from product results with arguments: [${productnum}]
17:45:02 Invoking Teststep: Then user should see product details matching correctly
17:45:04 Completed Teststep: Then user should see product details matching correctly
17:45:04 Invoking Teststep: When user check for the delivery ${pincode} with arguments: [${pincode}]
17:45:04 Completed Teststep: When user check for the delivery 560064 with arguments: [${pincode}]
17:45:04 Invoking Teststep: And user selects add to cart
17:45:09 Completed Teststep: And user selects add to cart
17:45:09 Invoking Teststep: Then product has been added to the cart
17:45:09 Completed Teststep: Then product has been added to the cart
17:45:09 Competed scenario: Venkat_DataDriven with status SUCESS
17:45:09 

Executing scenario: Venkat_DataDriven - end to end
17:45:09 Test Data{submenu=Booties, minprice=400, maxpice=600, sortby=Price -- High to Low, productnum=2, pincode=560064}
17:45:09 Invoking Teststep: Given user is on flipkart homepage
17:45:12 Completed Teststep: Given user is on flipkart homepage
17:45:12 Invoking Teststep: When user selects product ${submenu} from 'Baby & Kids' category with arguments: [${submenu}, Baby & Kids]
17:45:13 Completed Teststep: When user selects product Booties from 'Baby & Kids' category with arguments: [${submenu}, Baby & Kids]
17:45:13 Invoking Teststep: Then user should see product results
17:45:18 Completed Teststep: Then user should see product results
17:45:18 Invoking Teststep: When user sets ${minprice} and ${maxpice} price with arguments: [${minprice}, ${maxpice}]
17:45:18 Failure Teststep: When user sets 400 and 600 price with arguments: [${minprice}, ${maxpice}]
org.openqa.selenium.NoSuchElementException: Cannot locate option with value: 600
For documentation on this error, please visit: http://seleniumhq.org/exceptions/no_such_element.html
Build info: version: '2.53.0', revision: '35ae25b1534ae328c771e0856c93e187490ca824', time: '2016-03-15 10:43:46'
System info: host: 'ICPL12225', ip: '10.11.31.179', os.name: 'Windows 10', os.arch: 'amd64', os.version: '10.0', java.version: '1.8.0_151'
Driver info: driver.version: unknown
	at org.openqa.selenium.support.ui.Select.selectByValue(Select.java:208)
	at com.web_flipkart.pages.BootiesresultsTestPage.setPriceMaxRange(BootiesresultsTestPage.java:61)
	at com.web_flipkart.StepsBackLog.userSetsAndPrice(StepsBackLog.java:55)
	at sun.reflect.NativeMethodAccessorImpl.invoke0(Native Method)
	at sun.reflect.NativeMethodAccessorImpl.invoke(NativeMethodAccessorImpl.java:62)
	at sun.reflect.DelegatingMethodAccessorImpl.invoke(DelegatingMethodAccessorImpl.java:43)
	at java.lang.reflect.Method.invoke(Method.java:498)
	at com.qmetry.qaf.automation.step.JavaStep.doExecute(JavaStep.java:160)
	at com.qmetry.qaf.automation.step.BaseTestStep.execute(BaseTestStep.java:149)
	at com.qmetry.qaf.automation.step.StringTestStep.execute(StringTestStep.java:134)
	at com.qmetry.qaf.automation.step.client.Scenario.execute(Scenario.java:167)
	at com.qmetry.qaf.automation.step.client.DataDrivenScenario.scenario(DataDrivenScenario.java:95)
	at sun.reflect.NativeMethodAccessorImpl.invoke0(Native Method)
	at sun.reflect.NativeMethodAccessorImpl.invoke(NativeMethodAccessorImpl.java:62)
	at sun.reflect.DelegatingMethodAccessorImpl.invoke(DelegatingMethodAccessorImpl.java:43)
	at java.lang.reflect.Method.invoke(Method.java:498)
	at org.testng.internal.MethodInvocationHelper.invokeMethod(MethodInvocationHelper.java:104)
	at org.testng.internal.Invoker.invokeMethod(Invoker.java:645)
	at org.testng.internal.Invoker.invokeTestMethod(Invoker.java:851)
	at org.testng.internal.Invoker.invokeTestMethods(Invoker.java:1177)
	at org.testng.internal.TestMethodWorker.invokeTestMethods(TestMethodWorker.java:129)
	at org.testng.internal.TestMethodWorker.run(TestMethodWorker.java:112)
	at org.testng.TestRunner.privateRun(TestRunner.java:781)
	at org.testng.TestRunner.run(TestRunner.java:635)
	at org.testng.SuiteRunner.runTest(SuiteRunner.java:387)
	at org.testng.SuiteRunner.runSequentially(SuiteRunner.java:382)
	at org.testng.SuiteRunner.privateRun(SuiteRunner.java:340)
	at org.testng.SuiteRunner.run(SuiteRunner.java:289)
	at org.testng.SuiteRunnerWorker.runSuite(SuiteRunnerWorker.java:52)
	at org.testng.SuiteRunnerWorker.run(SuiteRunnerWorker.java:86)
	at org.testng.TestNG.runSuitesSequentially(TestNG.java:1293)
	at org.testng.TestNG.runSuitesLocally(TestNG.java:1218)
	at org.testng.TestNG.runSuites(TestNG.java:1133)
	at org.testng.TestNG.run(TestNG.java:1104)
	at org.testng.remote.AbstractRemoteTestNG.run(AbstractRemoteTestNG.java:114)
	at org.testng.remote.RemoteTestNG.initAndRun(RemoteTestNG.java:251)
	at org.testng.remote.RemoteTestNG.main(RemoteTestNG.java:77)
17:45:18 Completed Teststep: When user sets 400 and 600 price with arguments: [${minprice}, ${maxpice}]
17:45:18 Competed scenario: Venkat_DataDriven with status FAILURE
